<?xml version="1.0" encoding="UTF-8"?> 
<testsuites> 
<testsuite name="Ceedling Test Suite"> 
<testsuite tests="  2" Passed:   2 failures="  0" skipped=" 0"> 
</testsuite> 
</testsuites> 
